<?xml version="1.0" encoding="UTF-8"?>
<!-- Generated by org.testng.reporters.JUnitReportReporter -->
<testsuite hostname="NIC" name="com.VerifyLinks.Verifyalllinks" tests="1" failures="0" timestamp="28 Oct 2017 12:46:32 GMT" time="1.854" errors="0">
  <testcase name="validateInvalidLinks" time="1.854" classname="com.VerifyLinks.Verifyalllinks"/>
</testsuite> <!-- com.VerifyLinks.Verifyalllinks -->
